
T0D64 4792:003 SEGGER J-Link V6.32d Log File (0000ms, 3270ms total)
T0D64 4792:003 DLL Compiled: May 25 2018 17:03:12 (0000ms, 3270ms total)
T0D64 4792:003 Logging started @ 2018-11-10 13:37 (0000ms, 3270ms total)
T0D64 4792:090 JLINK_ExecCommand("Device = ATSAMD10D14AM", ...).   returns 0x00 (0006ms, 3276ms total)
T0D64 4792:206 JLINK_ExecCommand("device = ATSAMD10D14AM", ...).   returns 0x00 (0001ms, 3277ms total)
T0D64 4792:207 JLINK_GetHWStatus(...)  returns 0x00 (0004ms, 3281ms total)
T0D64 4792:211 JLINK_ClrRESET()RESET (pin 15) high, but should be low. Please check target hardware. (0207ms, 3488ms total)
T0D64 4792:418 JLINK_SetRESET() (0000ms, 3488ms total)
T0D64 4792:418 JLINK_ClrRESET()RESET (pin 15) high, but should be low. Please check target hardware. (0202ms, 3690ms total)
T0D64 4792:620 JLINK_ClrTCK()  returns 0x00 (0000ms, 3690ms total)
T0D64 4792:620 JLINK_SetRESET() (0000ms, 3690ms total)
T0D64 4792:620 JLINK_Clock()  returns 0x01 (0001ms, 3691ms total)
T0D64 4792:621 JLINK_TIF_Select(JLINKARM_TIF_SWD)  returns 0x00 (0010ms, 3701ms total)
T0D64 4792:631 JLINK_SetSpeed(50) (0001ms, 3702ms total)
T0D64 4792:633 JLINK_JTAG_StoreRaw(..., 0x108 Bits)  returns 0x00 (0000ms, 3703ms total)
T0D64 4792:633 JLINK_JTAG_GetU32(BitPos = 227) >0x108 TIF>  returns 0xFFFFFFFF (0007ms, 3710ms total)
T0D64 4792:640 JLINK_JTAG_StoreRaw(..., 0x08 Bits)  returns 0x00 (0000ms, 3710ms total)
T0D64 4792:640 JLINK_JTAG_StoreRaw(..., 0x03 Bits)  returns 0x08 (0000ms, 3710ms total)
T0D64 4792:640 JLINK_JTAG_StoreRaw(..., 0x28 Bits)  returns 0x0B (0000ms, 3710ms total)
T0D64 4792:640 JLINK_JTAG_GetU8(BitPos = 8) >0x33 TIF>  returns 0xFF (0003ms, 3713ms total)
T0D64 4792:643 JLINK_JTAG_GetU32(BitPos = 11)  returns 0xFFFFFFFF (0000ms, 3713ms total)
T0D64 4792:643 JLINK_JTAG_StoreRaw(..., 0x08 Bits)  returns 0x00 (0000ms, 3713ms total)
T0D64 4792:643 JLINK_JTAG_StoreRaw(..., 0x03 Bits)  returns 0x08 (0000ms, 3713ms total)
T0D64 4792:643 JLINK_JTAG_StoreRaw(..., 0x28 Bits)  returns 0x0B (0000ms, 3713ms total)
T0D64 4792:643 JLINK_JTAG_GetU8(BitPos = 8) >0x33 TIF>  returns 0xFF (0002ms, 3715ms total)
T0D64 4792:645 JLINK_JTAG_GetU32(BitPos = 11)  returns 0xFFFFFFFF (0000ms, 3715ms total)
T0D64 4792:645 JLINK_JTAG_StoreRaw(..., 0x08 Bits)  returns 0x00 (0001ms, 3716ms total)
T0D64 4792:646 JLINK_JTAG_StoreRaw(..., 0x03 Bits)  returns 0x08 (0000ms, 3716ms total)
T0D64 4792:646 JLINK_JTAG_StoreRaw(..., 0x02 Bits)  returns 0x0B (0000ms, 3716ms total)
T0D64 4792:646 JLINK_JTAG_StoreRaw(..., 0x28 Bits)  returns 0x0D (0000ms, 3716ms total)
T0D64 4792:646 JLINK_JTAG_GetU8(BitPos = 8) >0x35 TIF>  returns 0x1F (0001ms, 3717ms total)
T0D64 4792:648 JLINK_JTAG_StoreRaw(..., 0x08 Bits)  returns 0x00 (0000ms, 3717ms total)
T0D64 4792:648 JLINK_JTAG_StoreRaw(..., 0x03 Bits)  returns 0x08 (0000ms, 3717ms total)
T0D64 4792:648 JLINK_JTAG_StoreRaw(..., 0x28 Bits)  returns 0x0B (0000ms, 3717ms total)
T0D64 4792:648 JLINK_JTAG_GetU8(BitPos = 8) >0x33 TIF>  returns 0xFF (0002ms, 3719ms total)
T0D64 4792:650 JLINK_JTAG_GetU32(BitPos = 11)  returns 0xFFFFFFFF (0000ms, 3719ms total)
T0D64 4792:651 JLINK_WriteU32(0x41002100, 0x00000010)  returns 0xFFFFFFFF (0000ms, 3719ms total)
T0D64 4792:652 JLINK_ReadMem (0x41002101, 0x0001 Bytes, ...)  returns 0x01 (0000ms, 3719ms total)
T0D64 4792:853 JLINK_ReadMem (0x41002101, 0x0001 Bytes, ...)  returns 0x01 (0001ms, 3720ms total)
T0D64 4793:055 JLINK_ReadMem (0x41002101, 0x0001 Bytes, ...)  returns 0x01 (0000ms, 3720ms total)
T0D64 4793:256 JLINK_ReadMem (0x41002101, 0x0001 Bytes, ...)  returns 0x01 (0000ms, 3720ms total)
T0D64 4793:459 JLINK_ReadMem (0x41002101, 0x0001 Bytes, ...)  returns 0x01 (0001ms, 3721ms total)
T0D64 4793:664 JLINK_ReadMem (0x41002101, 0x0001 Bytes, ...)  returns 0x01 (0000ms, 3721ms total)
T0D64 4793:865 JLINK_ReadMem (0x41002101, 0x0001 Bytes, ...)  returns 0x01 (0001ms, 3722ms total)
T0D64 4794:068 JLINK_ReadMem (0x41002101, 0x0001 Bytes, ...)  returns 0x01 (0001ms, 3723ms total)
T0D64 4794:270 JLINK_ReadMem (0x41002101, 0x0001 Bytes, ...)  returns 0x01 (0001ms, 3724ms total)
T0D64 4794:472 JLINK_ReadMem (0x41002101, 0x0001 Bytes, ...)  returns 0x01 (0000ms, 3724ms total)
T0D64 4794:673 JLINK_ReadMem (0x41002101, 0x0001 Bytes, ...)  returns 0x01 (0001ms, 3725ms total)
T0D64 4794:875 JLINK_ReadMem (0x41002101, 0x0001 Bytes, ...)  returns 0x01 (0001ms, 3726ms total)
T0D64 4795:076 JLINK_ReadMem (0x41002101, 0x0001 Bytes, ...)  returns 0x01 (0001ms, 3727ms total)
T0D64 4795:278 JLINK_ReadMem (0x41002101, 0x0001 Bytes, ...)  returns 0x01 (0001ms, 3728ms total)
T0D64 4795:480 JLINK_ReadMem (0x41002101, 0x0001 Bytes, ...)  returns 0x01 (0001ms, 3729ms total)
T0D64 4795:681 JLINK_ReadMem (0x41002101, 0x0001 Bytes, ...)  returns 0x01 (0000ms, 3729ms total)
T0D64 4795:882 JLINK_ReadMem (0x41002101, 0x0001 Bytes, ...)  returns 0x01 (0000ms, 3729ms total)
T0D64 4796:083 JLINK_ReadMem (0x41002101, 0x0001 Bytes, ...)  returns 0x01 (0001ms, 3730ms total)
T0D64 4796:284 JLINK_ReadMem (0x41002101, 0x0001 Bytes, ...)  returns 0x01 (0000ms, 3730ms total)
T0D64 4796:489 JLINK_ReadMem (0x41002101, 0x0001 Bytes, ...)  returns 0x01 (0000ms, 3730ms total)
T0D64 4796:690 JLINK_ReadMem (0x41002101, 0x0001 Bytes, ...)  returns 0x01 (0001ms, 3731ms total)
T0D64 4796:893 JLINK_ReadMem (0x41002101, 0x0001 Bytes, ...)  returns 0x01 (0001ms, 3732ms total)
T0D64 4797:094 JLINK_ReadMem (0x41002101, 0x0001 Bytes, ...)  returns 0x01 (0001ms, 3733ms total)
T0D64 4797:296 JLINK_ReadMem (0x41002101, 0x0001 Bytes, ...)  returns 0x01 (0001ms, 3734ms total)
T0D64 4797:506 JLINK_ExecCommand("ProjectFile = C:\Users\raghu\Documents\Atmel Studio\7.0\FinchBit_V2_3\FinchBit_V2_3\FinchBit_V2_3\jlink.config", ...).   returns 0x00 (0007ms, 3741ms total)
T0D64 4797:613 JLINK_ExecCommand("Device = ATSAMD10D14AM", ...).   returns 0x00 (0004ms, 3745ms total)
T0D64 4797:617 JLINK_TIF_Select(JLINKARM_TIF_SWD)  returns 0x00 (0000ms, 3745ms total)
T0D64 4797:617 JLINK_SetSpeed(4000) (0000ms, 3745ms total)
T0D64 4797:618 JLINK_ResetPullsRESET(OFF) (0000ms, 3745ms total)
T0D64 4797:618 JLINK_Connect()  returns 0xFFFFFEFD (0001ms, 3746ms total)
T0D64 4797:620 JLINK_ResetPullsRESET(ON) (0000ms, 3746ms total)
T0D64 4797:620 JLINK_ResetNoHalt() (0000ms, 3746ms total)
